Arguments: 
  /home/linuxbrew/.linuxbrew/Cellar/node/16.5.0/bin/node /home/linuxbrew/.linuxbrew/Cellar/yarn/1.22.10/libexec/bin/yarn.js add ethers

PATH: 
  /home/andrianiaina/Android/platform-tools:/home/andrianiaina/Android/tools/bin:/home/andrianiaina/Android/tools:/home/linuxbrew/.linuxbrew/bin:/home/linuxbrew/.linuxbrew/sbin:/home/andrianiaina/.nvm/versions/node/v12.18.0/bin:/usr/local/sbin:/usr/local/bin:/usr/sbin:/usr/bin:/sbin:/bin:/usr/games:/usr/local/games:/mnt/c/Program Files/Common Files/Oracle/Java/javapath:/mnt/c/Program Files (x86)/Common Files/Oracle/Java/javapath:/mnt/c/Python38/Scripts/:/mnt/c/Python38/:/mnt/c/Program Files (x86)/Intel/iCLS Client/:/mnt/c/Program Files/Intel/iCLS Client/:/mnt/c/Windows/system32:/mnt/c/Windows:/mnt/c/Windows/System32/Wbem:/mnt/c/Windows/System32/WindowsPowerShell/v1.0/:/mnt/c/Windows/System32/OpenSSH/:/mnt/c/Program Files (x86)/Intel/Intel(R) Management Engine Components/DAL:/mnt/c/Program Files/Intel/Intel(R) Management Engine Components/DAL:/mnt/c/Program Files (x86)/Intel/Intel(R) Management Engine Components/IPT:/mnt/d/Yarn/bin:/mnt/c/Program Files/Intel/Intel(R) Management Engine Components/IPT:/mnt/c/Program Files (x86)/NVIDIA Corporation/PhysX/Common:/mnt/c/Program Files/NVIDIA Corporation/NVIDIA NvDLISR:/mnt/d/flutter/flutter/bin:/mnt/d/cmder:/mnt/d/Program Files/Git/bin:/mnt/d/Program Files/Git:/mnt/c/Program Files/MongoDB/Server/4.2/bin:/mnt/c/Program Files/Microsoft VS Code/bin:/mnt/c/Program Files/nodejs/:/mnt/c/ProgramData/chocolatey/bin:/mnt/c/Users/Andrianiaina/AppData/Roaming/npm:/mnt/c/Program Files/Git/cmd:/mnt/c/spring-2.3.2.RELEASE/bin:/mnt/d/Users/FiSa/AppData/Local/Android/Sdk:/mnt/d/Users/FiSa/AppData/Local/Android/Sdk/platform-tools:/mnt/c/Program Files (x86)/Yarn/bin/:/mnt/c/Program Files (x86)/Microsoft SQL Server/150/DTS/Binn/:/mnt/c/Program Files/dotnet/:/mnt/c/Program Files (x86)/Microsoft SQL Server/150/Tools/Binn/:/mnt/c/Program Files/Microsoft SQL Server/150/Tools/Binn/:/mnt/c/Program Files/Microsoft SQL Server/150/DTS/Binn/:/mnt/c/Program Files/Microsoft SQL Server/Client SDK/ODBC/170/Tools/Binn/:/mnt/c/wamp64/bin/php/php7.2.10:/mnt/c/ProgramData/ComposerSetup/bin:/mnt/c/Program Files/Microsoft SQL Server/130/Tools/Binn/:/mnt/d/Python27:/mnt/c/Program Files/PostgreSQL/9.5/bin:/mnt/c/WINDOWS/system32:/mnt/c/WINDOWS:/mnt/c/WINDOWS/System32/Wbem:/mnt/c/WINDOWS/System32/WindowsPowerShell/v1.0/:/mnt/c/WINDOWS/System32/OpenSSH/:/mnt/c/Program Files/Docker/Docker/resources/bin:/mnt/c/ProgramData/DockerDesktop/version-bin:/mnt/d/Users/FiSa/AppData/Local/Android/Sdk/emulator:/mnt/d/Users/FiSa/AppData/Local/Android/Sdk/platform-tools:/mnt/d/Users/FiSa/AppData/Local/Android/Sdk/tools:/mnt/c/Users/Andrianiaina/.dnx/bin:/mnt/c/Users/Andrianiaina/AppData/Local/Microsoft/WindowsApps:/mnt/c/Users/Andrianiaina/AppData/Roaming/npm:/mnt/c/Users/Andrianiaina/AppData/Local/GitHubDesktop/bin:/mnt/c/Program Files/JetBrains/IntelliJ IDEA Community Edition 2018.3.2/bin:/mnt/c/Users/Andrianiaina/AppData/Local/Yarn/bin:/mnt/c/Program Files/JetBrains/WebStorm 2020.1/bin:/mnt/c/Users/Andrianiaina/.dotnet/tools:/mnt/c/Users/Andrianiaina/AppData/Roaming/Composer/vendor/bin:/mnt/c/Program Files/heroku/bin:/mnt/c/Users/Andrianiaina/AppData/Local/hyper/app-3.0.2/resources/bin:/snap/bin:yarn global bin:/usr/lib/jvm/java-8-openjdk-amd64/bin

Yarn version: 
  1.22.10

Node version: 
  16.5.0

Platform: 
  linux x64

Trace: 
  Error: getaddrinfo EAI_AGAIN registry.yarnpkg.com
      at GetAddrInfoReqWrap.onlookup [as oncomplete] (node:dns:71:26)

npm manifest: 
  {
    "name": "ethers-utils",
    "version": "0.1.0",
    "description": "Utils and function for ethers",
    "main": ".",
    "author": "Finaritra Andrianiaina",
    "license": "MIT",
    "private": false
  }

yarn manifest: 
  No manifest

Lockfile: 
  No lockfile
